Assembler report for pcie_hip_s4gx_gen2_x4_128_example_chaining_top
Wed Apr 20 16:07:23 2011
Quartus II Version 10.1 Build 197 01/19/2011 Service Pack 1 SJ Full Version


---------------------
; Table of Contents ;
---------------------
  1. Legal Notice
  2. Assembler Summary
  3. Assembler Settings
  4. Assembler Encrypted IP Cores Summary
  5. Assembler Generated Files
  6. Assembler Device Options: pcie_hip_s4gx_gen2_x4_128_example_chaining_top.sof
  7. Assembler Messages



----------------
; Legal Notice ;
----------------
Copyright (C) 1991-2011 Altera Corporation
Your use of Altera Corporation's design tools, logic functions 
and other software and tools, and its AMPP partner logic 
functions, and any output files from any of the foregoing 
(including device programming or simulation files), and any 
associated documentation or information are expressly subject 
to the terms and conditions of the Altera Program License 
Subscription Agreement, Altera MegaCore Function License 
Agreement, or other applicable license agreement, including, 
without limitation, that your use is for the sole purpose of 
programming logic devices manufactured by Altera and sold by 
Altera or its authorized distributors.  Please refer to the 
applicable agreement for further details.



+------------------------------------------------------------------------+
; Assembler Summary                                                      ;
+-----------------------+------------------------------------------------+
; Assembler Status      ; Successful - Wed Apr 20 16:07:23 2011          ;
; Revision Name         ; pcie_hip_s4gx_gen2_x4_128_example_chaining_top ;
; Top-level Entity Name ; pcie_hip_s4gx_gen2_x4_128_example_chaining_top ;
; Family                ; Stratix IV                                     ;
; Device                ; EP4SGX360KF40C2                                ;
+-----------------------+------------------------------------------------+


+--------------------------------------------------------------------------------------------------------+
; Assembler Settings                                                                                     ;
+-----------------------------------------------------------------------------+----------+---------------+
; Option                                                                      ; Setting  ; Default Value ;
+-----------------------------------------------------------------------------+----------+---------------+
; Use smart compilation                                                       ; Off      ; Off           ;
; Enable parallel Assembler and TimeQuest Timing Analyzer during compilation  ; On       ; On            ;
; Enable compact report table                                                 ; Off      ; Off           ;
; Generate compressed bitstreams                                              ; On       ; On            ;
; Compression mode                                                            ; Off      ; Off           ;
; Clock source for configuration device                                       ; Internal ; Internal      ;
; Clock frequency of the configuration device                                 ; 10 MHZ   ; 10 MHz        ;
; Divide clock frequency by                                                   ; 1        ; 1             ;
; Auto user code                                                              ; Off      ; Off           ;
; Use configuration device                                                    ; Off      ; Off           ;
; Configuration device                                                        ; Auto     ; Auto          ;
; Configuration device auto user code                                         ; Off      ; Off           ;
; Generate Tabular Text File (.ttf) For Target Device                         ; Off      ; Off           ;
; Generate Raw Binary File (.rbf) For Target Device                           ; Off      ; Off           ;
; Generate Hexadecimal (Intel-Format) Output File (.hexout) for Target Device ; Off      ; Off           ;
; Hexadecimal Output File start address                                       ; 0        ; 0             ;
; Hexadecimal Output File count direction                                     ; Up       ; Up            ;
; Release clears before tri-states                                            ; Off      ; Off           ;
; Auto-restart configuration after error                                      ; On       ; On            ;
; Use Checkered Pattern as Uninitialized RAM Content                          ; Off      ; Off           ;
; Generate Serial Vector Format File (.svf) for Target Device                 ; Off      ; Off           ;
; Generate a JEDEC STAPL Format File (.jam) for Target Device                 ; Off      ; Off           ;
; Generate a compressed Jam STAPL Byte Code 2.0 File (.jbc) for Target Device ; Off      ; Off           ;
; Generate a compressed Jam STAPL Byte Code 2.0 File (.jbc) for Target Device ; On       ; On            ;
+-----------------------------------------------------------------------------+----------+---------------+


+----------------------------------------------------------+
; Assembler Encrypted IP Cores Summary                     ;
+--------+----------------------------------+--------------+
; Vendor ; IP Core Name                     ; License Type ;
+--------+----------------------------------+--------------+
; Altera ; PCI_Express_Compiler (6AF7 FFFF) ; Licensed     ;
+--------+----------------------------------+--------------+


+----------------------------------------------------+
; Assembler Generated Files                          ;
+----------------------------------------------------+
; File Name                                          ;
+----------------------------------------------------+
; pcie_hip_s4gx_gen2_x4_128_example_chaining_top.sof ;
+----------------------------------------------------+


+------------------------------------------------------------------------------+
; Assembler Device Options: pcie_hip_s4gx_gen2_x4_128_example_chaining_top.sof ;
+----------------+-------------------------------------------------------------+
; Option         ; Setting                                                     ;
+----------------+-------------------------------------------------------------+
; Device         ; EP4SGX360KF40C2                                             ;
; JTAG usercode  ; 0xFFFFFFFF                                                  ;
; Checksum       ; 0x0B227C20                                                  ;
+----------------+-------------------------------------------------------------+


+--------------------+
; Assembler Messages ;
+--------------------+
Info: *******************************************************************
Info: Running Quartus II Assembler
    Info: Version 10.1 Build 197 01/19/2011 Service Pack 1 SJ Full Version
    Info: Processing started: Wed Apr 20 16:06:57 2011
Info: Command: quartus_asm --read_settings_files=off --write_settings_files=off pcie_hip_s4gx_gen2_x4_128_example_chaining_top -c pcie_hip_s4gx_gen2_x4_128_example_chaining_top
Info: Writing out detailed assembly data for power analysis
Info: Assembler is generating device programming files
Info: Quartus II Assembler was successful. 0 errors, 0 warnings
    Info: Peak virtual memory: 934 megabytes
    Info: Processing ended: Wed Apr 20 16:07:23 2011
    Info: Elapsed time: 00:00:26
    Info: Total CPU time (on all processors): 00:00:26


