Flow report for pcie_hip_s4gx_gen2_x4_128_example_chaining_top
Thu Mar 31 07:17:03 2011
Quartus II Version 10.1 Build 197 01/19/2011 Service Pack 1 SJ Full Version


---------------------
; Table of Contents ;
---------------------
  1. Legal Notice
  2. Flow Summary
  3. Flow Settings
  4. Flow Non-Default Global Settings
  5. Flow Elapsed Time
  6. Flow OS Summary
  7. Flow Log



----------------
; Legal Notice ;
----------------
Copyright (C) 1991-2011 Altera Corporation
Your use of Altera Corporation's design tools, logic functions 
and other software and tools, and its AMPP partner logic 
functions, and any output files from any of the foregoing 
(including device programming or simulation files), and any 
associated documentation or information are expressly subject 
to the terms and conditions of the Altera Program License 
Subscription Agreement, Altera MegaCore Function License 
Agreement, or other applicable license agreement, including, 
without limitation, that your use is for the sole purpose of 
programming logic devices manufactured by Altera and sold by 
Altera or its authorized distributors.  Please refer to the 
applicable agreement for further details.



+------------------------------------------------------------------------------------+
; Flow Summary                                                                       ;
+-----------------------------------+------------------------------------------------+
; Flow Status                       ; Successful - Thu Mar 31 07:17:03 2011          ;
; Quartus II Version                ; 10.1 Build 197 01/19/2011 SP 1 SJ Full Version ;
; Revision Name                     ; pcie_hip_s4gx_gen2_x4_128_example_chaining_top ;
; Top-level Entity Name             ; pcie_hip_s4gx_gen2_x4_128_example_chaining_top ;
; Family                            ; Stratix IV                                     ;
; Device                            ; EP4SGX230KF40C2                                ;
; Timing Models                     ; Final                                          ;
; Logic utilization                 ; 3 %                                            ;
;     Combinational ALUTs           ; 3,886 / 182,400 ( 2 % )                        ;
;     Memory ALUTs                  ; 53 / 91,200 ( < 1 % )                          ;
;     Dedicated logic registers     ; 5,226 / 182,400 ( 3 % )                        ;
; Total registers                   ; 5226                                           ;
; Total pins                        ; 38 / 888 ( 4 % )                               ;
; Total virtual pins                ; 0                                              ;
; Total block memory bits           ; 714,888 / 14,625,792 ( 5 % )                   ;
; DSP block 18-bit elements         ; 0 / 1,288 ( 0 % )                              ;
; Total GXB Receiver Channel PCS    ; 4 / 24 ( 17 % )                                ;
; Total GXB Receiver Channel PMA    ; 4 / 36 ( 11 % )                                ;
; Total GXB Transmitter Channel PCS ; 4 / 24 ( 17 % )                                ;
; Total GXB Transmitter Channel PMA ; 4 / 36 ( 11 % )                                ;
; Total PLLs                        ; 1 / 8 ( 13 % )                                 ;
; Total DLLs                        ; 0 / 4 ( 0 % )                                  ;
+-----------------------------------+------------------------------------------------+


+--------------------------------------------------------------------+
; Flow Settings                                                      ;
+-------------------+------------------------------------------------+
; Option            ; Setting                                        ;
+-------------------+------------------------------------------------+
; Start date & time ; 03/31/2011 07:11:01                            ;
; Main task         ; Compilation                                    ;
; Revision Name     ; pcie_hip_s4gx_gen2_x4_128_example_chaining_top ;
+-------------------+------------------------------------------------+


+-----------------------------------------------------------------------------------------------------------------------------------------------------------------------------------------------------+
; Flow Non-Default Global Settings                                                                                                                                                                    ;
+-----------------------------------------+----------------------------------------------------------------------------------------------------------------+---------------+-------------+------------+
; Assignment Name                         ; Value                                                                                                          ; Default Value ; Entity Name ; Section Id ;
+-----------------------------------------+----------------------------------------------------------------------------------------------------------------+---------------+-------------+------------+
; COMPILER_SIGNATURE_ID                   ; 136298225522.130156986111110                                                                                   ; --            ; --          ; --         ;
; ENABLE_CLOCK_LATENCY                    ; On                                                                                                             ; Off           ; --          ; --         ;
; ENABLE_RECOVERY_REMOVAL_ANALYSIS        ; On                                                                                                             ; Off           ; --          ; --         ;
; IP_TOOL_NAME                            ; PCI Express Compiler                                                                                           ; --            ; --          ; --         ;
; IP_TOOL_VERSION                         ; 10.1                                                                                                           ; --            ; --          ; --         ;
; MISC_FILE                               ; ../../pci_express_compiler-library/altpcie_hip_pipen1b.v                                                       ; --            ; --          ; --         ;
; MISC_FILE                               ; ../../pci_express_compiler-library/altpcie_serdes_1sgx_x1_12500.v                                              ; --            ; --          ; --         ;
; MISC_FILE                               ; ../../pci_express_compiler-library/altpcie_pll_100_250.v                                                       ; --            ; --          ; --         ;
; MISC_FILE                               ; ../../pci_express_compiler-library/altpcie_serdes_4sgx_x4d_gen1_16p.v                                          ; --            ; --          ; --         ;
; MISC_FILE                               ; ../../pci_express_compiler-library/altpcie_64b_x4_pipen1b.v                                                    ; --            ; --          ; --         ;
; MISC_FILE                               ; ../../pci_express_compiler-library/altpcie_serdes_4sgx_x8d_gen1_08p.v                                          ; --            ; --          ; --         ;
; MISC_FILE                               ; ../../pci_express_compiler-library/altpcie_pll_phy5_62p5.v                                                     ; --            ; --          ; --         ;
; MISC_FILE                               ; ../../pci_express_compiler-library/altpcie_serdes_4sgx_x4d_gen1_08p.v                                          ; --            ; --          ; --         ;
; MISC_FILE                               ; ../../pci_express_compiler-library/altpcie_serdes_2sgx_x1d_10000.v                                             ; --            ; --          ; --         ;
; MISC_FILE                               ; ../../pci_express_compiler-library/altpcie_serdes_2agx_x8d_gen1_08p.v                                          ; --            ; --          ; --         ;
; MISC_FILE                               ; ../../pci_express_compiler-library/altpcie_rs_serdes.v                                                         ; --            ; --          ; --         ;
; MISC_FILE                               ; ../../pci_express_compiler-library/altpcie_serdes_2agx_x1d_gen1_08p.v                                          ; --            ; --          ; --         ;
; MISC_FILE                               ; ../../pci_express_compiler-library/altpcie_serdes_4sgx_x1d_gen2_08p.v                                          ; --            ; --          ; --         ;
; MISC_FILE                               ; ../../pci_express_compiler-library/altpcie_pclk_pll.v                                                          ; --            ; --          ; --         ;
; MISC_FILE                               ; ../../pci_express_compiler-library/altpcie_pll_250_100.v                                                       ; --            ; --          ; --         ;
; MISC_FILE                               ; ../../pci_express_compiler-library/altpcie_reconfig_3cgx.v                                                     ; --            ; --          ; --         ;
; MISC_FILE                               ; ../../pci_express_compiler-library/altpcie_serdes_3cgx_x2d_gen1_08p.v                                          ; --            ; --          ; --         ;
; MISC_FILE                               ; ../../pci_express_compiler-library/pciexp_dcram.v                                                              ; --            ; --          ; --         ;
; MISC_FILE                               ; ../../pci_express_compiler-library/altpcie_pll_phy3_62p5.v                                                     ; --            ; --          ; --         ;
; MISC_FILE                               ; ../../pci_express_compiler-library/pciexpx8f_confctrl.v                                                        ; --            ; --          ; --         ;
; MISC_FILE                               ; ../../pci_express_compiler-library/altpcie_64b_x8_pipen1b.v                                                    ; --            ; --          ; --         ;
; MISC_FILE                               ; ../../pci_express_compiler-library/altpcie_serdes_1sgx_x4_15625.v                                              ; --            ; --          ; --         ;
; MISC_FILE                               ; ../../pci_express_compiler-library/altpcie_hip_256_pipen1b.v                                                   ; --            ; --          ; --         ;
; MISC_FILE                               ; ../../pci_express_compiler-library/altpcie_phasefifo.v                                                         ; --            ; --          ; --         ;
; MISC_FILE                               ; ../../pci_express_compiler-library/altpcie_pll_15625_125.v                                                     ; --            ; --          ; --         ;
; MISC_FILE                               ; ../../pci_express_compiler-library/altpcie_reconfig_4sgx.v                                                     ; --            ; --          ; --         ;
; MISC_FILE                               ; ../../pci_express_compiler-library/altpcie_serdes_2agx_x4d_gen1_16p.v                                          ; --            ; --          ; --         ;
; MISC_FILE                               ; ../../pci_express_compiler-library/altpcie_pclk_align.v                                                        ; --            ; --          ; --         ;
; MISC_FILE                               ; ../../pci_express_compiler-library/altpcie_serdes_2sgx_x8d_10000.v                                             ; --            ; --          ; --         ;
; MISC_FILE                               ; ../../pci_express_compiler-library/altpcie_pll_phy0.v                                                          ; --            ; --          ; --         ;
; MISC_FILE                               ; ../../pci_express_compiler-library/altpcie_serdes_2sgx_x4d_10000.v                                             ; --            ; --          ; --         ;
; MISC_FILE                               ; ../../pci_express_compiler-library/altpcie_serdes_2agx_x1d_gen1_16p.v                                          ; --            ; --          ; --         ;
; MISC_FILE                               ; ../../pci_express_compiler-library/altpcie_pll_phy2.v                                                          ; --            ; --          ; --         ;
; MISC_FILE                               ; ../../pci_express_compiler-library/altpcie_serdes_4sgx_x8d_gen2_08p.v                                          ; --            ; --          ; --         ;
; MISC_FILE                               ; ../../pci_express_compiler-library/altpcie_serdes_4sgx_x4d_gen2_08p.v                                          ; --            ; --          ; --         ;
; MISC_FILE                               ; ../../pci_express_compiler-library/altpcie_serdes_4sgx_x1d_gen1_08p.v                                          ; --            ; --          ; --         ;
; MISC_FILE                               ; ../../pci_express_compiler-library/altpcie_pll_125_250.v                                                       ; --            ; --          ; --         ;
; MISC_FILE                               ; ../../pci_express_compiler-library/altpcie_pll_phy4_62p5.v                                                     ; --            ; --          ; --         ;
; MISC_FILE                               ; ../../pci_express_compiler-library/altpcie_serdes_3cgx_x4d_gen1_08p.v                                          ; --            ; --          ; --         ;
; MISC_FILE                               ; ../../pci_express_compiler-library/altpcie_serdes_1sgx_x1_15625.v                                              ; --            ; --          ; --         ;
; MISC_FILE                               ; ../../pci_express_compiler-library/altpcie_64b_x1_pipen1b.v                                                    ; --            ; --          ; --         ;
; MISC_FILE                               ; ../../pci_express_compiler-library/altpcie_serdes_3cgx_x1d_gen1_08p.v                                          ; --            ; --          ; --         ;
; MISC_FILE                               ; ../../pci_express_compiler-library/pciexp64_dlink.v                                                            ; --            ; --          ; --         ;
; MISC_FILE                               ; ../../pci_express_compiler-library/altpcie_serdes_4sgx_x1d_gen1_16p.v                                          ; --            ; --          ; --         ;
; MISC_FILE                               ; ../../pci_express_compiler-library/altpcie_serdes_3cgx_x1d_gen1_16p.v                                          ; --            ; --          ; --         ;
; MISC_FILE                               ; ../../pci_express_compiler-library/altpcie_pll_phy1_62p5.v                                                     ; --            ; --          ; --         ;
; MISC_FILE                               ; ../../pci_express_compiler-library/altpcie_serdes_1sgx_x4_12500.v                                              ; --            ; --          ; --         ;
; MISC_FILE                               ; ../../pci_express_compiler-library/altpcie_pll_100_125.v                                                       ; --            ; --          ; --         ;
; MISC_FILE                               ; ../../pci_express_compiler-library/pciexp64_trans.v                                                            ; --            ; --          ; --         ;
; MISC_FILE                               ; ../../pci_express_compiler-library/altpcie_serdes_2agx_x4d_gen1_08p.v                                          ; --            ; --          ; --         ;
; MISC_FILE                               ; ../../pcie_hip_s4gx_gen2_x4_128.v                                                                              ; --            ; --          ; --         ;
; MISC_FILE                               ; ../../pcie_hip_s4gx_gen2_x4_128_core.v                                                                         ; --            ; --          ; --         ;
; MISC_FILE                               ; ../../pcie_hip_s4gx_gen2_x4_128_core.vo                                                                        ; --            ; --          ; --         ;
; MISC_FILE                               ; ../../pcie_hip_s4gx_gen2_x4_128_examples                                                                       ; --            ; --          ; --         ;
; MISC_FILE                               ; ../../pcie_hip_s4gx_gen2_x4_128_examples/chaining_dma                                                          ; --            ; --          ; --         ;
; MISC_FILE                               ; ../../pcie_hip_s4gx_gen2_x4_128_examples/chaining_dma/altpcie_dma_descriptor.v                                 ; --            ; --          ; --         ;
; MISC_FILE                               ; ../../pcie_hip_s4gx_gen2_x4_128_examples/chaining_dma/altpcie_dma_dt.v                                         ; --            ; --          ; --         ;
; MISC_FILE                               ; ../../pcie_hip_s4gx_gen2_x4_128_examples/chaining_dma/altpcie_dma_prg_reg.v                                    ; --            ; --          ; --         ;
; MISC_FILE                               ; ../../pcie_hip_s4gx_gen2_x4_128_examples/chaining_dma/altpcie_rc_slave.v                                       ; --            ; --          ; --         ;
; MISC_FILE                               ; ../../pcie_hip_s4gx_gen2_x4_128_examples/chaining_dma/altpcie_read_dma_requester.v                             ; --            ; --          ; --         ;
; MISC_FILE                               ; ../../pcie_hip_s4gx_gen2_x4_128_examples/chaining_dma/altpcie_write_dma_requester.v                            ; --            ; --          ; --         ;
; MISC_FILE                               ; ../../pcie_hip_s4gx_gen2_x4_128_examples/chaining_dma/altpcierd_example_app_chaining.v                         ; --            ; --          ; --         ;
; MISC_FILE                               ; ../../pcie_hip_s4gx_gen2_x4_128_examples/chaining_dma/init_ram.hex                                             ; --            ; --          ; --         ;
; MISC_FILE                               ; ../../pcie_hip_s4gx_gen2_x4_128_examples/chaining_dma/init_ram.mif                                             ; --            ; --          ; --         ;
; MISC_FILE                               ; ../../pcie_hip_s4gx_gen2_x4_128_examples/chaining_dma/testbench                                                ; --            ; --          ; --         ;
; MISC_FILE                               ; ../../pcie_hip_s4gx_gen2_x4_128_examples/chaining_dma/testbench/altpcie_dma_dt_cst_sim.v                       ; --            ; --          ; --         ;
; MISC_FILE                               ; ../../pcie_hip_s4gx_gen2_x4_128_examples/chaining_dma/testbench/altpcietb_bfm_driver_chaining.v                ; --            ; --          ; --         ;
; MISC_FILE                               ; ../../pcie_hip_s4gx_gen2_x4_128_examples/chaining_dma/testbench/init_ram.hex                                   ; --            ; --          ; --         ;
; MISC_FILE                               ; ../../pcie_hip_s4gx_gen2_x4_128_examples/chaining_dma/testbench/init_ram.mif                                   ; --            ; --          ; --         ;
; MISC_FILE                               ; ../../pcie_hip_s4gx_gen2_x4_128_examples/chaining_dma/testbench/runtb.bat                                      ; --            ; --          ; --         ;
; MISC_FILE                               ; ../../pcie_hip_s4gx_gen2_x4_128_examples/chaining_dma/testbench/runtb.do                                       ; --            ; --          ; --         ;
; MISC_FILE                               ; ../../pcie_hip_s4gx_gen2_x4_128_examples/chaining_dma/testbench/runtb.sh                                       ; --            ; --          ; --         ;
; MISC_FILE                               ; ../../pcie_hip_s4gx_gen2_x4_128_examples/chaining_dma/testbench/sim_filelist                                   ; --            ; --          ; --         ;
; MISC_FILE                               ; ../../pcie_hip_s4gx_gen2_x4_128_examples/chaining_dma/testbench/pcie_hip_s4gx_gen2_x4_128_chaining_testbench.v ; --            ; --          ; --         ;
; MISC_FILE                               ; ../../pcie_hip_s4gx_gen2_x4_128_examples/chaining_dma/pcie_hip_s4gx_gen2_x4_128_example_chaining_pipen1b.v     ; --            ; --          ; --         ;
; MISC_FILE                               ; ../../pcie_hip_s4gx_gen2_x4_128_examples/chaining_dma/pcie_hip_s4gx_gen2_x4_128_plus.v                         ; --            ; --          ; --         ;
; MISC_FILE                               ; ../../pcie_hip_s4gx_gen2_x4_128_examples/chaining_dma/pcie_hip_s4gx_gen2_x4_128_rs_hip.v                       ; --            ; --          ; --         ;
; MISC_FILE                               ; ../../pcie_hip_s4gx_gen2_x4_128_examples/chaining_dma/pcie_hip_s4gx_gen2_x4_128_example_chaining_top.qpf       ; --            ; --          ; --         ;
; MISC_FILE                               ; ../../pcie_hip_s4gx_gen2_x4_128_examples/chaining_dma/pcie_hip_s4gx_gen2_x4_128_example_chaining_top.qsf       ; --            ; --          ; --         ;
; MISC_FILE                               ; ../../pcie_hip_s4gx_gen2_x4_128_examples/chaining_dma/pcie_hip_s4gx_gen2_x4_128_example_chaining_top.tcl       ; --            ; --          ; --         ;
; MISC_FILE                               ; ../../pcie_hip_s4gx_gen2_x4_128_examples/chaining_dma/pcie_hip_s4gx_gen2_x4_128_example_chaining_top.v         ; --            ; --          ; --         ;
; MISC_FILE                               ; ../../pcie_hip_s4gx_gen2_x4_128_examples/common                                                                ; --            ; --          ; --         ;
; MISC_FILE                               ; ../../pcie_hip_s4gx_gen2_x4_128_examples/common/testbench                                                      ; --            ; --          ; --         ;
; MISC_FILE                               ; ../../pcie_hip_s4gx_gen2_x4_128_examples/incremental_compile_module                                            ; --            ; --          ; --         ;
; MISC_FILE                               ; ../../pcie_hip_s4gx_gen2_x4_128_examples/incremental_compile_module/altpcierd_icm_defines.v                    ; --            ; --          ; --         ;
; MISC_FILE                               ; ../../pcie_hip_s4gx_gen2_x4_128_examples/incremental_compile_module/altpcierd_icm_fifo.v                       ; --            ; --          ; --         ;
; MISC_FILE                               ; ../../pcie_hip_s4gx_gen2_x4_128_examples/incremental_compile_module/altpcierd_icm_fifo_lkahd.v                 ; --            ; --          ; --         ;
; MISC_FILE                               ; ../../pcie_hip_s4gx_gen2_x4_128_examples/incremental_compile_module/altpcierd_icm_msibridge.v                  ; --            ; --          ; --         ;
; MISC_FILE                               ; ../../pcie_hip_s4gx_gen2_x4_128_examples/incremental_compile_module/altpcierd_icm_npbypassctl.v                ; --            ; --          ; --         ;
; MISC_FILE                               ; ../../pcie_hip_s4gx_gen2_x4_128_examples/incremental_compile_module/altpcierd_icm_rx.v                         ; --            ; --          ; --         ;
; MISC_FILE                               ; ../../pcie_hip_s4gx_gen2_x4_128_examples/incremental_compile_module/altpcierd_icm_rxbridge.v                   ; --            ; --          ; --         ;
; MISC_FILE                               ; ../../pcie_hip_s4gx_gen2_x4_128_examples/incremental_compile_module/altpcierd_icm_sideband.v                   ; --            ; --          ; --         ;
; MISC_FILE                               ; ../../pcie_hip_s4gx_gen2_x4_128_examples/incremental_compile_module/altpcierd_icm_top.v                        ; --            ; --          ; --         ;
; MISC_FILE                               ; ../../pcie_hip_s4gx_gen2_x4_128_examples/incremental_compile_module/altpcierd_icm_tx.v                         ; --            ; --          ; --         ;
; MISC_FILE                               ; ../../pcie_hip_s4gx_gen2_x4_128_examples/incremental_compile_module/altpcierd_icm_tx_pktordering.v             ; --            ; --          ; --         ;
; MISC_FILE                               ; ../../pcie_hip_s4gx_gen2_x4_128_examples/incremental_compile_module/altpcierd_icm_txbridge.v                   ; --            ; --          ; --         ;
; MISC_FILE                               ; ../../pcie_hip_s4gx_gen2_x4_128_examples/incremental_compile_module/altpcierd_icm_txbridge_withbypass.v        ; --            ; --          ; --         ;
; MISC_FILE                               ; ../../pcie_hip_s4gx_gen2_x4_128_examples/incremental_compile_module/pcie_hip_s4gx_gen2_x4_128_icm.v            ; --            ; --          ; --         ;
; MISC_FILE                               ; ../../pcie_hip_s4gx_gen2_x4_128_serdes.v                                                                       ; --            ; --          ; --         ;
; MISC_FILE                               ; ../../pcie_hip_s4gx_gen2_x4_128.ppx                                                                            ; --            ; --          ; --         ;
; MISC_FILE                               ; ../../pcie_hip_s4gx_gen2_x4_128.ppf                                                                            ; --            ; --          ; --         ;
; MISC_FILE                               ; ../../pcie_hip_s4gx_gen2_x4_128_bb.v                                                                           ; --            ; --          ; --         ;
; MISC_FILE                               ; ../../pcie_hip_s4gx_gen2_x4_128.bsf                                                                            ; --            ; --          ; --         ;
; MISC_FILE                               ; ../../pcie_hip_s4gx_gen2_x4_128.qip                                                                            ; --            ; --          ; --         ;
; MISC_FILE                               ; ../../pcie_hip_s4gx_gen2_x4_128.html                                                                           ; --            ; --          ; --         ;
; OPTIMIZATION_TECHNIQUE                  ; Speed                                                                                                          ; Balanced      ; --          ; --         ;
; OPTIMIZE_MULTI_CORNER_TIMING            ; On                                                                                                             ; Off           ; --          ; --         ;
; PHYSICAL_SYNTHESIS_COMBO_LOGIC          ; On                                                                                                             ; Off           ; --          ; --         ;
; PHYSICAL_SYNTHESIS_REGISTER_DUPLICATION ; On                                                                                                             ; Off           ; --          ; --         ;
; PHYSICAL_SYNTHESIS_REGISTER_RETIMING    ; On                                                                                                             ; Off           ; --          ; --         ;
; SEARCH_PATH                             ; ../common/incremental_compile_module                                                                           ; --            ; --          ; --         ;
; SEARCH_PATH                             ; ../..                                                                                                          ; --            ; --          ; --         ;
; SEARCH_PATH                             ; ../../.                                                                                                        ; --            ; --          ; --         ;
; SEARCH_PATH                             ; ../../pci_express_compiler-library                                                                             ; --            ; --          ; --         ;
+-----------------------------------------+----------------------------------------------------------------------------------------------------------------+---------------+-------------+------------+


+-------------------------------------------------------------------------------------------------------------------------------+
; Flow Elapsed Time                                                                                                             ;
+---------------------------+--------------+-------------------------+---------------------+------------------------------------+
; Module Name               ; Elapsed Time ; Average Processors Used ; Peak Virtual Memory ; Total CPU Time (on all processors) ;
+---------------------------+--------------+-------------------------+---------------------+------------------------------------+
; Analysis & Synthesis      ; 00:02:22     ; 1.0                     ; --                  ; 00:02:22                           ;
; Fitter                    ; 00:03:03     ; 1.4                     ; --                  ; 00:03:20                           ;
; Assembler                 ; 00:00:19     ; 1.0                     ; --                  ; 00:00:19                           ;
; TimeQuest Timing Analyzer ; 00:00:10     ; 1.2                     ; --                  ; 00:00:12                           ;
; Total                     ; 00:05:44     ; --                      ; --                  ; 00:06:01                           ;
+---------------------------+--------------+-------------------------+---------------------+------------------------------------+


+--------------------------------------------------------------------------------------+
; Flow OS Summary                                                                      ;
+---------------------------+------------------+---------+------------+----------------+
; Module Name               ; Machine Hostname ; OS Name ; OS Version ; Processor type ;
+---------------------------+------------------+---------+------------+----------------+
; Analysis & Synthesis      ; core960          ; Red Hat ; 5          ; x86_64         ;
; Fitter                    ; core960          ; Red Hat ; 5          ; x86_64         ;
; TimeQuest Timing Analyzer ; core960          ; Red Hat ; 5          ; x86_64         ;
; Assembler                 ; core960          ; Red Hat ; 5          ; x86_64         ;
+---------------------------+------------------+---------+------------+----------------+


------------
; Flow Log ;
------------
quartus_map --read_settings_files=on --write_settings_files=off pcie_hip_s4gx_gen2_x4_128_example_chaining_top -c pcie_hip_s4gx_gen2_x4_128_example_chaining_top
quartus_fit --read_settings_files=off --write_settings_files=off pcie_hip_s4gx_gen2_x4_128_example_chaining_top -c pcie_hip_s4gx_gen2_x4_128_example_chaining_top
quartus_sta pcie_hip_s4gx_gen2_x4_128_example_chaining_top -c pcie_hip_s4gx_gen2_x4_128_example_chaining_top
quartus_asm --read_settings_files=off --write_settings_files=off pcie_hip_s4gx_gen2_x4_128_example_chaining_top -c pcie_hip_s4gx_gen2_x4_128_example_chaining_top



