Welcome to Xilinx CORE Generator.
Help system initialized.
Opening project file /home/shep/projects/ocpi/coregen/dram-v6-mig34/coregen.cgp.
Project, 'coregen', initialised from file
'/home/shep/projects/ocpi/coregen/dram-v6-mig34/coregen.cgp'.
Recustomize and Generate (Under Original Project Settings)Customizing IP...
Cancelled Customization.
Recustomize and Generate (Under Original Project Settings)Customizing IP...
Cancelled Customization.
Recustomize and Generate (Under Current Project Settings)Applying current project options...
Finished applying current project options.
Customizing IP...
Cancelled Customization.
Recustomize and Generate (Under Original Project Settings)Customizing IP...
Cancelled Customization.
Recustomize and Generate (Under Original Project Settings)Customizing IP...
Cancelled Customization.
Recustomize and Generate (Under Original Project Settings)Customizing IP...
Cancelled Customization.
Regenerate (Under Current Project Settings)Applying current project options...
Finished applying current project options.
Customizing IP...
Finished Customizing.
Generating metadata file...
Finished generating metadata file.
Generating ISE file...
Finished ISE file generation.
Creating readme './tmp/_cg/mig_v3_4_readme.txt'.
Generating FLIST file...
Finished FLIST file generation.
Preparing output directory...
Finished preparing output directory.
Moving files to output directory...
Finished moving files to output directory
Saved options for project 'coregen'.
Closed project file.
